<?xml version="1.0" encoding="UTF-8"?>
<!-- Generated by org.testng.reporters.JUnitReportReporter -->
<testsuite hostname="Sundar" failures="0" tests="5" name="Runner.TestRunner" time="18.157" errors="0" timestamp="2025-03-22T09:12:12 IST" skipped="0">
  <testcase classname="Runner.TestRunner" name="runScenario" time="3.105"/>
  <testcase classname="Runner.TestRunner" name="runScenario" time="5.357"/>
  <testcase classname="Runner.TestRunner" name="runScenario" time="2.895"/>
  <testcase classname="Runner.TestRunner" name="runScenario" time="3.581"/>
  <testcase classname="Runner.TestRunner" name="runScenario" time="3.219"/>
</testsuite> <!-- Runner.TestRunner -->
