<?xml version="1.0" encoding="UTF-8"?>
<!-- Generated by org.testng.reporters.JUnitReportReporter -->
<testsuite hostname="Sundar" failures="0" tests="1" name="Runner.SearchPageTest" time="19.895" errors="0" timestamp="2025-03-19T08:18:04 IST" skipped="0">
  <testcase classname="Runner.SearchPageTest" name="runScenario" time="19.895"/>
</testsuite> <!-- Runner.SearchPageTest -->
